<?xml version="1.0" encoding="UTF-8"?>
<!-- Generated by org.testng.reporters.JUnitXMLReporter -->
<testsuite ignored="0" hostname="GANESH" failures="1" tests="13" name="Test" time="0.186" errors="0" timestamp="2023-09-16T13:29:52 IST">
  <testcase classname="pagelayer.First_testngpro" name="test" time="0.013"/>
  <testcase classname="test_layer.Example1" name="contact1" time="0.004"/>
  <testcase classname="test_layer.Example1" name="home" time="0.001"/>
  <testcase classname="test_layer.Example1" name="login" time="0.002"/>
  <testcase classname="test_layer.Example2" name="home" time="0.004"/>
  <testcase classname="test_layer.Example2" name="login" time="0.013"/>
  <testcase classname="test_layer.Example2" name="contact1" time="0.002"/>
  <testcase classname="test_layer.Example3" name="login" time="0.003"/>
  <testcase classname="test_layer.Example3" name="home" time="0.003"/>
  <testcase classname="test_layer.Example3" name="home" time="0.002"/>
  <testcase classname="test_layer.Example3" name="home" time="0.004"/>
  <testcase classname="test_layer.Example3" name="contact1" time="0.012">
    <failure type="java.lang.AssertionError" message="null">
      <![CDATA[java.lang.AssertionError: null
at test_layer.Example3.contact1(Example3.java:25)
at java.base/java.util.ArrayList.forEach(ArrayList.java:1511)
... Removed 27 stack frames]]>
    </failure>
  </testcase> <!-- contact1 -->
  <testcase classname="annoatation.Annoation_example1" name="xyz" time="0.002"/>
</testsuite> <!-- Test -->
